<?xml version="1.0" encoding="UTF-8"?>
<testng-results ignored="0" total="1" passed="1" failed="0" skipped="0">
  <reporter-output>
  </reporter-output>
  <suite started-at="2022-12-16T15:34:10 IST" name="Suite" finished-at="2022-12-16T15:34:22 IST" duration-ms="11925">
    <groups>
    </groups>
    <test started-at="2022-12-16T15:34:10 IST" name="Test" finished-at="2022-12-16T15:34:22 IST" duration-ms="11925">
      <class name="com.Celestail.Framework.LoginPageTest">
        <test-method is-config="true" signature="setUp(java.lang.String)[pri:0, instance:com.Celestail.Framework.LoginPageTest@6f27a732]" started-at="2022-12-16T15:34:10 IST" name="setUp" finished-at="2022-12-16T15:34:20 IST" duration-ms="9467" status="PASS">
          <params>
            <param index="0">
              <value>
                <![CDATA[chrome]]>
              </value>
            </param>
          </params>
          <reporter-output>
          </reporter-output>
        </test-method> <!-- setUp -->
        <test-method signature="verifyUserCredentials()[pri:0, instance:com.Celestail.Framework.LoginPageTest@6f27a732]" started-at="2022-12-16T15:34:20 IST" name="verifyUserCredentials" finished-at="2022-12-16T15:34:22 IST" duration-ms="2049" status="PASS">
          <reporter-output>
          </reporter-output>
        </test-method> <!-- verifyUserCredentials -->
        <test-method is-config="true" signature="tearDown()[pri:0, instance:com.Celestail.Framework.LoginPageTest@6f27a732]" started-at="2022-12-16T15:34:22 IST" name="tearDown" finished-at="2022-12-16T15:34:22 IST" duration-ms="356" status="PASS">
          <reporter-output>
          </reporter-output>
        </test-method> <!-- tearDown -->
      </class> <!-- com.Celestail.Framework.LoginPageTest -->
    </test> <!-- Test -->
  </suite> <!-- Suite -->
</testng-results>
